<?xml version="1.0" encoding="UTF-8"?>
<testsuite xmlns:xsi="http://www.w3.org/2001/XMLSchema-instance" xsi:noNamespaceSchemaLocation="https://maven.apache.org/surefire/maven-failsafe-plugin/xsd/failsafe-test-report-3.0.xsd" version="3.0" name="acceptancetests.runners.UserRegistrationTest" time="102.489" tests="2" errors="1" skipped="0" failures="0">
  <properties>
    <property name="gopherProxySet" value="false"/>
    <property name="awt.toolkit" value="sun.lwawt.macosx.LWCToolkit"/>
    <property name="java.specification.version" value="11"/>
    <property name="sun.cpu.isalist" value=""/>
    <property name="sun.jnu.encoding" value="UTF-8"/>
    <property name="java.class.path" value="/Users/sam/IdeaProjects/QAChallengeCommercialJava/target/test-classes:/Users/sam/.m2/repository/ch/qos/logback/logback-classic/1.0.13/logback-classic-1.0.13.jar:/Users/sam/.m2/repository/ch/qos/logback/logback-core/1.0.13/logback-core-1.0.13.jar:/Users/sam/.m2/repository/org/slf4j/slf4j-api/1.7.5/slf4j-api-1.7.5.jar:/Users/sam/.m2/repository/net/serenity-bdd/serenity-core/2.2.12/serenity-core-2.2.12.jar:/Users/sam/.m2/repository/net/bytebuddy/byte-buddy/1.10.1/byte-buddy-1.10.1.jar:/Users/sam/.m2/repository/net/bytebuddy/byte-buddy-agent/1.10.1/byte-buddy-agent-1.10.1.jar:/Users/sam/.m2/repository/com/google/guava/guava/25.0-jre/guava-25.0-jre.jar:/Users/sam/.m2/repository/com/google/code/findbugs/jsr305/1.3.9/jsr305-1.3.9.jar:/Users/sam/.m2/repository/org/checkerframework/checker-compat-qual/2.0.0/checker-compat-qual-2.0.0.jar:/Users/sam/.m2/repository/com/google/errorprone/error_prone_annotations/2.1.3/error_prone_annotations-2.1.3.jar:/Users/sam/.m2/repository/com/google/j2objc/j2objc-annotations/1.1/j2objc-annotations-1.1.jar:/Users/sam/.m2/repository/org/codehaus/mojo/animal-sniffer-annotations/1.14/animal-sniffer-annotations-1.14.jar:/Users/sam/.m2/repository/com/google/inject/guice/4.2.2/guice-4.2.2.jar:/Users/sam/.m2/repository/javax/inject/javax.inject/1/javax.inject-1.jar:/Users/sam/.m2/repository/aopalliance/aopalliance/1.0/aopalliance-1.0.jar:/Users/sam/.m2/repository/org/ow2/asm/asm/7.2/asm-7.2.jar:/Users/sam/.m2/repository/commons-codec/commons-codec/1.10/commons-codec-1.10.jar:/Users/sam/.m2/repository/org/objenesis/objenesis/3.0.1/objenesis-3.0.1.jar:/Users/sam/.m2/repository/xml-apis/xml-apis/1.4.01/xml-apis-1.4.01.jar:/Users/sam/.m2/repository/io/cucumber/cucumber-core/5.5.0/cucumber-core-5.5.0.jar:/Users/sam/.m2/repository/io/cucumber/cucumber-gherkin/5.5.0/cucumber-gherkin-5.5.0.jar:/Users/sam/.m2/repository/io/cucumber/cucumber-gherkin-vintage/5.5.0/cucumber-gherkin-vintage-5.5.0.jar:/Users/sam/.m2/repository/io/cucumber/tag-expressions/2.0.4/tag-expressions-2.0.4.jar:/Users/sam/.m2/repository/io/cucumber/cucumber-expressions/8.3.1/cucumber-expressions-8.3.1.jar:/Users/sam/.m2/repository/io/cucumber/datatable/3.3.0/datatable-3.3.0.jar:/Users/sam/.m2/repository/io/cucumber/cucumber-plugin/5.5.0/cucumber-plugin-5.5.0.jar:/Users/sam/.m2/repository/io/cucumber/docstring/5.5.0/docstring-5.5.0.jar:/Users/sam/.m2/repository/io/cucumber/cucumber-java/5.5.0/cucumber-java-5.5.0.jar:/Users/sam/.m2/repository/commons-logging/commons-logging/1.2/commons-logging-1.2.jar:/Users/sam/.m2/repository/io/vavr/vavr/0.9.0/vavr-0.9.0.jar:/Users/sam/.m2/repository/io/vavr/vavr-match/0.9.0/vavr-match-0.9.0.jar:/Users/sam/.m2/repository/javax/xml/bind/jaxb-api/2.2.12/jaxb-api-2.2.12.jar:/Users/sam/.m2/repository/com/sun/xml/bind/jaxb-core/2.3.0.1/jaxb-core-2.3.0.1.jar:/Users/sam/.m2/repository/com/sun/xml/bind/jaxb-impl/2.3.0.1/jaxb-impl-2.3.0.1.jar:/Users/sam/.m2/repository/javax/activation/activation/1.1.1/activation-1.1.1.jar:/Users/sam/.m2/repository/org/mockito/mockito-core/3.1.0/mockito-core-3.1.0.jar:/Users/sam/.m2/repository/net/serenity-bdd/serenity-report-resources/2.2.12/serenity-report-resources-2.2.12.jar:/Users/sam/.m2/repository/net/serenity-bdd/serenity-model/2.2.12/serenity-model-2.2.12.jar:/Users/sam/.m2/repository/commons-net/commons-net/3.6/commons-net-3.6.jar:/Users/sam/.m2/repository/org/apache/commons/commons-text/1.6/commons-text-1.6.jar:/Users/sam/.m2/repository/org/reflections/reflections/0.9.11/reflections-0.9.11.jar:/Users/sam/.m2/repository/org/javassist/javassist/3.21.0-GA/javassist-3.21.0-GA.jar:/Users/sam/.m2/repository/es/nitaur/markdown/txtmark/0.16/txtmark-0.16.jar:/Users/sam/.m2/repository/net/serenity-bdd/serenity-reports/2.2.12/serenity-reports-2.2.12.jar:/Users/sam/.m2/repository/net/serenity-bdd/serenity-stats/2.2.12/serenity-stats-2.2.12.jar:/Users/sam/.m2/repository/com/google/code/gson/gson/2.8.6/gson-2.8.6.jar:/Users/sam/.m2/repository/commons-io/commons-io/2.6/commons-io-2.6.jar:/Users/sam/.m2/repository/org/seleniumhq/selenium/selenium-server/3.141.59/selenium-server-3.141.59.jar:/Users/sam/.m2/repository/org/seleniumhq/selenium/selenium-firefox-driver/3.141.59/selenium-firefox-driver-3.141.59.jar:/Users/sam/.m2/repository/org/seleniumhq/selenium/selenium-ie-driver/3.141.59/selenium-ie-driver-3.141.59.jar:/Users/sam/.m2/repository/com/beust/jcommander/1.72/jcommander-1.72.jar:/Users/sam/.m2/repository/org/apache/commons/commons-exec/1.3/commons-exec-1.3.jar:/Users/sam/.m2/repository/net/jcip/jcip-annotations/1.0/jcip-annotations-1.0.jar:/Users/sam/.m2/repository/org/seleniumhq/selenium/jetty-repacked/9.4.12.v20180830/jetty-repacked-9.4.12.v20180830.jar:/Users/sam/.m2/repository/com/squareup/okhttp3/okhttp/3.11.0/okhttp-3.11.0.jar:/Users/sam/.m2/repository/com/squareup/okio/okio/1.14.0/okio-1.14.0.jar:/Users/sam/.m2/repository/javax/servlet/javax.servlet-api/3.1.0/javax.servlet-api-3.1.0.jar:/Users/sam/.m2/repository/org/yaml/snakeyaml/1.19/snakeyaml-1.19.jar:/Users/sam/.m2/repository/org/seleniumhq/selenium/selenium-java/3.141.59/selenium-java-3.141.59.jar:/Users/sam/.m2/repository/org/seleniumhq/selenium/selenium-api/3.141.59/selenium-api-3.141.59.jar:/Users/sam/.m2/repository/org/seleniumhq/selenium/selenium-chrome-driver/3.141.59/selenium-chrome-driver-3.141.59.jar:/Users/sam/.m2/repository/org/seleniumhq/selenium/selenium-edge-driver/3.141.59/selenium-edge-driver-3.141.59.jar:/Users/sam/.m2/repository/org/seleniumhq/selenium/selenium-remote-driver/3.141.59/selenium-remote-driver-3.141.59.jar:/Users/sam/.m2/repository/org/seleniumhq/selenium/selenium-safari-driver/3.141.59/selenium-safari-driver-3.141.59.jar:/Users/sam/.m2/repository/org/seleniumhq/selenium/selenium-opera-driver/3.141.59/selenium-opera-driver-3.141.59.jar:/Users/sam/.m2/repository/org/seleniumhq/selenium/selenium-support/3.141.59/selenium-support-3.141.59.jar:/Users/sam/.m2/repository/com/paulhammant/ngwebdriver/1.1.5/ngwebdriver-1.1.5.jar:/Users/sam/.m2/repository/com/assertthat/selenium-shutterbug/0.9.3/selenium-shutterbug-0.9.3.jar:/Users/sam/.m2/repository/org/projectlombok/lombok/1.18.8/lombok-1.18.8.jar:/Users/sam/.m2/repository/com/github/zafarkhaja/java-semver/0.9.0/java-semver-0.9.0.jar:/Users/sam/.m2/repository/com/codeborne/phantomjsdriver/1.4.4/phantomjsdriver-1.4.4.jar:/Users/sam/.m2/repository/org/seleniumhq/selenium/htmlunit-driver/2.37.0/htmlunit-driver-2.37.0.jar:/Users/sam/.m2/repository/io/appium/java-client/7.3.0/java-client-7.3.0.jar:/Users/sam/.m2/repository/commons-validator/commons-validator/1.6/commons-validator-1.6.jar:/Users/sam/.m2/repository/commons-beanutils/commons-beanutils/1.9.2/commons-beanutils-1.9.2.jar:/Users/sam/.m2/repository/commons-digester/commons-digester/1.8.1/commons-digester-1.8.1.jar:/Users/sam/.m2/repository/org/aspectj/aspectjweaver/1.9.4/aspectjweaver-1.9.4.jar:/Users/sam/.m2/repository/org/springframework/spring-context-support/5.1.2.RELEASE/spring-context-support-5.1.2.RELEASE.jar:/Users/sam/.m2/repository/org/springframework/spring-beans/5.1.2.RELEASE/spring-beans-5.1.2.RELEASE.jar:/Users/sam/.m2/repository/org/springframework/spring-context/5.1.2.RELEASE/spring-context-5.1.2.RELEASE.jar:/Users/sam/.m2/repository/org/springframework/spring-aop/5.1.2.RELEASE/spring-aop-5.1.2.RELEASE.jar:/Users/sam/.m2/repository/org/springframework/spring-expression/5.1.2.RELEASE/spring-expression-5.1.2.RELEASE.jar:/Users/sam/.m2/repository/org/springframework/spring-core/5.1.2.RELEASE/spring-core-5.1.2.RELEASE.jar:/Users/sam/.m2/repository/org/springframework/spring-jcl/5.1.2.RELEASE/spring-jcl-5.1.2.RELEASE.jar:/Users/sam/.m2/repository/org/codehaus/groovy/groovy/2.5.5/groovy-2.5.5.jar:/Users/sam/.m2/repository/net/sf/opencsv/opencsv/2.0/opencsv-2.0.jar:/Users/sam/.m2/repository/commons-beanutils/commons-beanutils-core/1.8.3/commons-beanutils-core-1.8.3.jar:/Users/sam/.m2/repository/joda-time/joda-time/2.7/joda-time-2.7.jar:/Users/sam/.m2/repository/com/thoughtworks/xstream/xstream/1.4.9/xstream-1.4.9.jar:/Users/sam/.m2/repository/xmlpull/xmlpull/1.1.3.1/xmlpull-1.1.3.1.jar:/Users/sam/.m2/repository/xpp3/xpp3_min/1.1.4c/xpp3_min-1.1.4c.jar:/Users/sam/.m2/repository/org/apache/commons/commons-lang3/3.8.1/commons-lang3-3.8.1.jar:/Users/sam/.m2/repository/commons-collections/commons-collections/3.2.2/commons-collections-3.2.2.jar:/Users/sam/.m2/repository/org/freemarker/freemarker/2.3.29/freemarker-2.3.29.jar:/Users/sam/.m2/repository/net/sourceforge/jexcelapi/jxl/2.6.12/jxl-2.6.12.jar:/Users/sam/.m2/repository/org/hamcrest/hamcrest-core/1.3/hamcrest-core-1.3.jar:/Users/sam/.m2/repository/org/hamcrest/hamcrest-library/1.3/hamcrest-library-1.3.jar:/Users/sam/.m2/repository/net/sourceforge/htmlunit/htmlunit/2.37.0/htmlunit-2.37.0.jar:/Users/sam/.m2/repository/net/sourceforge/htmlunit/htmlunit-core-js/2.37.0/htmlunit-core-js-2.37.0.jar:/Users/sam/.m2/repository/net/sourceforge/htmlunit/neko-htmlunit/2.37.0/neko-htmlunit-2.37.0.jar:/Users/sam/.m2/repository/xerces/xercesImpl/2.12.0/xercesImpl-2.12.0.jar:/Users/sam/.m2/repository/net/sourceforge/htmlunit/htmlunit-cssparser/1.5.0/htmlunit-cssparser-1.5.0.jar:/Users/sam/.m2/repository/org/brotli/dec/0.1.2/dec-0.1.2.jar:/Users/sam/.m2/repository/org/eclipse/jetty/websocket/websocket-client/9.4.26.v20200117/websocket-client-9.4.26.v20200117.jar:/Users/sam/.m2/repository/org/eclipse/jetty/jetty-client/9.4.26.v20200117/jetty-client-9.4.26.v20200117.jar:/Users/sam/.m2/repository/org/eclipse/jetty/jetty-http/9.4.26.v20200117/jetty-http-9.4.26.v20200117.jar:/Users/sam/.m2/repository/org/eclipse/jetty/jetty-xml/9.4.26.v20200117/jetty-xml-9.4.26.v20200117.jar:/Users/sam/.m2/repository/org/eclipse/jetty/jetty-util/9.4.26.v20200117/jetty-util-9.4.26.v20200117.jar:/Users/sam/.m2/repository/org/eclipse/jetty/jetty-io/9.4.26.v20200117/jetty-io-9.4.26.v20200117.jar:/Users/sam/.m2/repository/org/eclipse/jetty/websocket/websocket-common/9.4.26.v20200117/websocket-common-9.4.26.v20200117.jar:/Users/sam/.m2/repository/org/eclipse/jetty/websocket/websocket-api/9.4.26.v20200117/websocket-api-9.4.26.v20200117.jar:/Users/sam/.m2/repository/org/apache/httpcomponents/httpclient/4.5.5/httpclient-4.5.5.jar:/Users/sam/.m2/repository/org/apache/httpcomponents/httpcore/4.4.9/httpcore-4.4.9.jar:/Users/sam/.m2/repository/org/apache/httpcomponents/httpmime/4.5.5/httpmime-4.5.5.jar:/Users/sam/.m2/repository/org/fluentlenium/fluentlenium-core/0.10.2/fluentlenium-core-0.10.2.jar:/Users/sam/.m2/repository/com/jhlabs/filters/2.0.235/filters-2.0.235.jar:/Users/sam/.m2/repository/org/asciidoctor/asciidoctorj/1.5.6/asciidoctorj-1.5.6.jar:/Users/sam/.m2/repository/org/jruby/jruby-complete/1.7.26/jruby-complete-1.7.26.jar:/Users/sam/.m2/repository/org/imgscalr/imgscalr-lib/4.2/imgscalr-lib-4.2.jar:/Users/sam/.m2/repository/javax/el/javax.el-api/2.2.4/javax.el-api-2.2.4.jar:/Users/sam/.m2/repository/org/glassfish/web/javax.el/2.2.4/javax.el-2.2.4.jar:/Users/sam/.m2/repository/xalan/xalan/2.7.2/xalan-2.7.2.jar:/Users/sam/.m2/repository/xalan/serializer/2.7.2/serializer-2.7.2.jar:/Users/sam/.m2/repository/org/awaitility/awaitility/4.0.1/awaitility-4.0.1.jar:/Users/sam/.m2/repository/org/hamcrest/hamcrest/2.1/hamcrest-2.1.jar:/Users/sam/.m2/repository/com/typesafe/config/1.3.1/config-1.3.1.jar:/Users/sam/.m2/repository/org/jsoup/jsoup/1.10.3/jsoup-1.10.3.jar:/Users/sam/.m2/repository/com/google/jimfs/jimfs/1.1/jimfs-1.1.jar:/Users/sam/.m2/repository/com/vladsch/flexmark/flexmark-all/0.34.30/flexmark-all-0.34.30.jar:/Users/sam/.m2/repository/com/vladsch/flexmark/flexmark/0.34.30/flexmark-0.34.30.jar:/Users/sam/.m2/repository/com/vladsch/flexmark/flexmark-ext-abbreviation/0.34.30/flexmark-ext-abbreviation-0.34.30.jar:/Users/sam/.m2/repository/com/vladsch/flexmark/flexmark-ext-admonition/0.34.30/flexmark-ext-admonition-0.34.30.jar:/Users/sam/.m2/repository/com/vladsch/flexmark/flexmark-ext-anchorlink/0.34.30/flexmark-ext-anchorlink-0.34.30.jar:/Users/sam/.m2/repository/com/vladsch/flexmark/flexmark-ext-aside/0.34.30/flexmark-ext-aside-0.34.30.jar:/Users/sam/.m2/repository/com/vladsch/flexmark/flexmark-ext-attributes/0.34.30/flexmark-ext-attributes-0.34.30.jar:/Users/sam/.m2/repository/com/vladsch/flexmark/flexmark-ext-autolink/0.34.30/flexmark-ext-autolink-0.34.30.jar:/Users/sam/.m2/repository/org/nibor/autolink/autolink/0.6.0/autolink-0.6.0.jar:/Users/sam/.m2/repository/com/vladsch/flexmark/flexmark-ext-definition/0.34.30/flexmark-ext-definition-0.34.30.jar:/Users/sam/.m2/repository/com/vladsch/flexmark/flexmark-ext-emoji/0.34.30/flexmark-ext-emoji-0.34.30.jar:/Users/sam/.m2/repository/com/vladsch/flexmark/flexmark-ext-enumerated-reference/0.34.30/flexmark-ext-enumerated-reference-0.34.30.jar:/Users/sam/.m2/repository/com/vladsch/flexmark/flexmark-ext-escaped-character/0.34.30/flexmark-ext-escaped-character-0.34.30.jar:/Users/sam/.m2/repository/com/vladsch/flexmark/flexmark-ext-footnotes/0.34.30/flexmark-ext-footnotes-0.34.30.jar:/Users/sam/.m2/repository/com/vladsch/flexmark/flexmark-ext-gfm-issues/0.34.30/flexmark-ext-gfm-issues-0.34.30.jar:/Users/sam/.m2/repository/com/vladsch/flexmark/flexmark-ext-gfm-strikethrough/0.34.30/flexmark-ext-gfm-strikethrough-0.34.30.jar:/Users/sam/.m2/repository/com/vladsch/flexmark/flexmark-ext-gfm-tables/0.34.30/flexmark-ext-gfm-tables-0.34.30.jar:/Users/sam/.m2/repository/com/vladsch/flexmark/flexmark-ext-gfm-tasklist/0.34.30/flexmark-ext-gfm-tasklist-0.34.30.jar:/Users/sam/.m2/repository/com/vladsch/flexmark/flexmark-ext-gfm-users/0.34.30/flexmark-ext-gfm-users-0.34.30.jar:/Users/sam/.m2/repository/com/vladsch/flexmark/flexmark-ext-gitlab/0.34.30/flexmark-ext-gitlab-0.34.30.jar:/Users/sam/.m2/repository/com/vladsch/flexmark/flexmark-ext-jekyll-front-matter/0.34.30/flexmark-ext-jekyll-front-matter-0.34.30.jar:/Users/sam/.m2/repository/com/vladsch/flexmark/flexmark-ext-jekyll-tag/0.34.30/flexmark-ext-jekyll-tag-0.34.30.jar:/Users/sam/.m2/repository/com/vladsch/flexmark/flexmark-ext-media-tags/0.34.30/flexmark-ext-media-tags-0.34.30.jar:/Users/sam/.m2/repository/com/vladsch/flexmark/flexmark-test-util/0.34.30/flexmark-test-util-0.34.30.jar:/Users/sam/.m2/repository/com/vladsch/flexmark/flexmark-ext-ins/0.34.30/flexmark-ext-ins-0.34.30.jar:/Users/sam/.m2/repository/com/vladsch/flexmark/flexmark-ext-xwiki-macros/0.34.30/flexmark-ext-xwiki-macros-0.34.30.jar:/Users/sam/.m2/repository/com/vladsch/flexmark/flexmark-ext-superscript/0.34.30/flexmark-ext-superscript-0.34.30.jar:/Users/sam/.m2/repository/com/vladsch/flexmark/flexmark-ext-tables/0.34.30/flexmark-ext-tables-0.34.30.jar:/Users/sam/.m2/repository/com/vladsch/flexmark/flexmark-ext-toc/0.34.30/flexmark-ext-toc-0.34.30.jar:/Users/sam/.m2/repository/com/vladsch/flexmark/flexmark-ext-typographic/0.34.30/flexmark-ext-typographic-0.34.30.jar:/Users/sam/.m2/repository/com/vladsch/flexmark/flexmark-ext-wikilink/0.34.30/flexmark-ext-wikilink-0.34.30.jar:/Users/sam/.m2/repository/com/vladsch/flexmark/flexmark-ext-yaml-front-matter/0.34.30/flexmark-ext-yaml-front-matter-0.34.30.jar:/Users/sam/.m2/repository/com/vladsch/flexmark/flexmark-ext-youtube-embedded/0.34.30/flexmark-ext-youtube-embedded-0.34.30.jar:/Users/sam/.m2/repository/com/vladsch/flexmark/flexmark-formatter/0.34.30/flexmark-formatter-0.34.30.jar:/Users/sam/.m2/repository/com/vladsch/flexmark/flexmark-html-parser/0.34.30/flexmark-html-parser-0.34.30.jar:/Users/sam/.m2/repository/com/vladsch/flexmark/flexmark-jira-converter/0.34.30/flexmark-jira-converter-0.34.30.jar:/Users/sam/.m2/repository/com/vladsch/flexmark/flexmark-pdf-converter/0.34.30/flexmark-pdf-converter-0.34.30.jar:/Users/sam/.m2/repository/com/openhtmltopdf/openhtmltopdf-core/0.0.1-RC13/openhtmltopdf-core-0.0.1-RC13.jar:/Users/sam/.m2/repository/com/openhtmltopdf/openhtmltopdf-pdfbox/0.0.1-RC13/openhtmltopdf-pdfbox-0.0.1-RC13.jar:/Users/sam/.m2/repository/org/apache/pdfbox/pdfbox/2.0.8/pdfbox-2.0.8.jar:/Users/sam/.m2/repository/org/apache/pdfbox/fontbox/2.0.8/fontbox-2.0.8.jar:/Users/sam/.m2/repository/org/apache/pdfbox/xmpbox/2.0.8/xmpbox-2.0.8.jar:/Users/sam/.m2/repository/de/rototor/pdfbox/graphics2d/0.12/graphics2d-0.12.jar:/Users/sam/.m2/repository/com/openhtmltopdf/openhtmltopdf-rtl-support/0.0.1-RC13/openhtmltopdf-rtl-support-0.0.1-RC13.jar:/Users/sam/.m2/repository/com/ibm/icu/icu4j/59.1/icu4j-59.1.jar:/Users/sam/.m2/repository/com/openhtmltopdf/openhtmltopdf-jsoup-dom-converter/0.0.1-RC13/openhtmltopdf-jsoup-dom-converter-0.0.1-RC13.jar:/Users/sam/.m2/repository/com/vladsch/flexmark/flexmark-profile-pegdown/0.34.30/flexmark-profile-pegdown-0.34.30.jar:/Users/sam/.m2/repository/com/vladsch/flexmark/flexmark-util/0.34.30/flexmark-util-0.34.30.jar:/Users/sam/.m2/repository/com/vladsch/flexmark/flexmark-youtrack-converter/0.34.30/flexmark-youtrack-converter-0.34.30.jar:/Users/sam/.m2/repository/net/serenity-bdd/serenity-junit/2.2.12/serenity-junit-2.2.12.jar:/Users/sam/.m2/repository/net/serenity-bdd/serenity-screenplay/2.2.12/serenity-screenplay-2.2.12.jar:/Users/sam/.m2/repository/net/serenity-bdd/serenity-screenplay-webdriver/2.2.12/serenity-screenplay-webdriver-2.2.12.jar:/Users/sam/.m2/repository/net/serenity-bdd/serenity-ensure/2.2.12/serenity-ensure-2.2.12.jar:/Users/sam/.m2/repository/org/jetbrains/kotlin/kotlin-stdlib/1.3.31/kotlin-stdlib-1.3.31.jar:/Users/sam/.m2/repository/org/jetbrains/kotlin/kotlin-stdlib-common/1.3.31/kotlin-stdlib-common-1.3.31.jar:/Users/sam/.m2/repository/org/jetbrains/annotations/13.0/annotations-13.0.jar:/Users/sam/.m2/repository/net/serenity-bdd/serenity-cucumber5/2.2.5/serenity-cucumber5-2.2.5.jar:/Users/sam/.m2/repository/io/cucumber/cucumber-junit/5.6.0/cucumber-junit-5.6.0.jar:/Users/sam/.m2/repository/org/apiguardian/apiguardian-api/1.1.0/apiguardian-api-1.1.0.jar:/Users/sam/.m2/repository/io/cucumber/datatable-matchers/3.3.0/datatable-matchers-3.3.0.jar:/Users/sam/.m2/repository/org/apache/commons/commons-csv/1.5/commons-csv-1.5.jar:/Users/sam/.m2/repository/junit/junit/4.12/junit-4.12.jar:/Users/sam/.m2/repository/org/assertj/assertj-core/3.6.2/assertj-core-3.6.2.jar:/Users/sam/.m2/repository/org/hamcrest/hamcrest-all/1.3/hamcrest-all-1.3.jar:"/>
    <property name="java.vm.vendor" value="Oracle Corporation"/>
    <property name="sun.arch.data.model" value="64"/>
    <property name="java.vendor.url" value="http://java.oracle.com/"/>
    <property name="user.timezone" value=""/>
    <property name="java.vm.specification.version" value="11"/>
    <property name="os.name" value="Mac OS X"/>
    <property name="sun.java.launcher" value="SUN_STANDARD"/>
    <property name="user.country" value="US"/>
    <property name="sun.boot.library.path" value="/Library/Java/JavaVirtualMachines/jdk-11.0.6.jdk/Contents/Home/lib"/>
    <property name="sun.java.command" value="org.apache.maven.surefire.booter.ForkedBooter /Users/sam/IdeaProjects/QAChallengeCommercialJava/target/surefire 2021-02-21T21-40-42_375-jvmRun1 surefire13263498265827493346tmp surefire_06864795428759338518tmp"/>
    <property name="http.nonProxyHosts" value="local|*.local|169.254/16|*.169.254/16"/>
    <property name="jdk.debug" value="release"/>
    <property name="surefire.test.class.path" value="/Users/sam/IdeaProjects/QAChallengeCommercialJava/target/test-classes:/Users/sam/.m2/repository/ch/qos/logback/logback-classic/1.0.13/logback-classic-1.0.13.jar:/Users/sam/.m2/repository/ch/qos/logback/logback-core/1.0.13/logback-core-1.0.13.jar:/Users/sam/.m2/repository/org/slf4j/slf4j-api/1.7.5/slf4j-api-1.7.5.jar:/Users/sam/.m2/repository/net/serenity-bdd/serenity-core/2.2.12/serenity-core-2.2.12.jar:/Users/sam/.m2/repository/net/bytebuddy/byte-buddy/1.10.1/byte-buddy-1.10.1.jar:/Users/sam/.m2/repository/net/bytebuddy/byte-buddy-agent/1.10.1/byte-buddy-agent-1.10.1.jar:/Users/sam/.m2/repository/com/google/guava/guava/25.0-jre/guava-25.0-jre.jar:/Users/sam/.m2/repository/com/google/code/findbugs/jsr305/1.3.9/jsr305-1.3.9.jar:/Users/sam/.m2/repository/org/checkerframework/checker-compat-qual/2.0.0/checker-compat-qual-2.0.0.jar:/Users/sam/.m2/repository/com/google/errorprone/error_prone_annotations/2.1.3/error_prone_annotations-2.1.3.jar:/Users/sam/.m2/repository/com/google/j2objc/j2objc-annotations/1.1/j2objc-annotations-1.1.jar:/Users/sam/.m2/repository/org/codehaus/mojo/animal-sniffer-annotations/1.14/animal-sniffer-annotations-1.14.jar:/Users/sam/.m2/repository/com/google/inject/guice/4.2.2/guice-4.2.2.jar:/Users/sam/.m2/repository/javax/inject/javax.inject/1/javax.inject-1.jar:/Users/sam/.m2/repository/aopalliance/aopalliance/1.0/aopalliance-1.0.jar:/Users/sam/.m2/repository/org/ow2/asm/asm/7.2/asm-7.2.jar:/Users/sam/.m2/repository/commons-codec/commons-codec/1.10/commons-codec-1.10.jar:/Users/sam/.m2/repository/org/objenesis/objenesis/3.0.1/objenesis-3.0.1.jar:/Users/sam/.m2/repository/xml-apis/xml-apis/1.4.01/xml-apis-1.4.01.jar:/Users/sam/.m2/repository/io/cucumber/cucumber-core/5.5.0/cucumber-core-5.5.0.jar:/Users/sam/.m2/repository/io/cucumber/cucumber-gherkin/5.5.0/cucumber-gherkin-5.5.0.jar:/Users/sam/.m2/repository/io/cucumber/cucumber-gherkin-vintage/5.5.0/cucumber-gherkin-vintage-5.5.0.jar:/Users/sam/.m2/repository/io/cucumber/tag-expressions/2.0.4/tag-expressions-2.0.4.jar:/Users/sam/.m2/repository/io/cucumber/cucumber-expressions/8.3.1/cucumber-expressions-8.3.1.jar:/Users/sam/.m2/repository/io/cucumber/datatable/3.3.0/datatable-3.3.0.jar:/Users/sam/.m2/repository/io/cucumber/cucumber-plugin/5.5.0/cucumber-plugin-5.5.0.jar:/Users/sam/.m2/repository/io/cucumber/docstring/5.5.0/docstring-5.5.0.jar:/Users/sam/.m2/repository/io/cucumber/cucumber-java/5.5.0/cucumber-java-5.5.0.jar:/Users/sam/.m2/repository/commons-logging/commons-logging/1.2/commons-logging-1.2.jar:/Users/sam/.m2/repository/io/vavr/vavr/0.9.0/vavr-0.9.0.jar:/Users/sam/.m2/repository/io/vavr/vavr-match/0.9.0/vavr-match-0.9.0.jar:/Users/sam/.m2/repository/javax/xml/bind/jaxb-api/2.2.12/jaxb-api-2.2.12.jar:/Users/sam/.m2/repository/com/sun/xml/bind/jaxb-core/2.3.0.1/jaxb-core-2.3.0.1.jar:/Users/sam/.m2/repository/com/sun/xml/bind/jaxb-impl/2.3.0.1/jaxb-impl-2.3.0.1.jar:/Users/sam/.m2/repository/javax/activation/activation/1.1.1/activation-1.1.1.jar:/Users/sam/.m2/repository/org/mockito/mockito-core/3.1.0/mockito-core-3.1.0.jar:/Users/sam/.m2/repository/net/serenity-bdd/serenity-report-resources/2.2.12/serenity-report-resources-2.2.12.jar:/Users/sam/.m2/repository/net/serenity-bdd/serenity-model/2.2.12/serenity-model-2.2.12.jar:/Users/sam/.m2/repository/commons-net/commons-net/3.6/commons-net-3.6.jar:/Users/sam/.m2/repository/org/apache/commons/commons-text/1.6/commons-text-1.6.jar:/Users/sam/.m2/repository/org/reflections/reflections/0.9.11/reflections-0.9.11.jar:/Users/sam/.m2/repository/org/javassist/javassist/3.21.0-GA/javassist-3.21.0-GA.jar:/Users/sam/.m2/repository/es/nitaur/markdown/txtmark/0.16/txtmark-0.16.jar:/Users/sam/.m2/repository/net/serenity-bdd/serenity-reports/2.2.12/serenity-reports-2.2.12.jar:/Users/sam/.m2/repository/net/serenity-bdd/serenity-stats/2.2.12/serenity-stats-2.2.12.jar:/Users/sam/.m2/repository/com/google/code/gson/gson/2.8.6/gson-2.8.6.jar:/Users/sam/.m2/repository/commons-io/commons-io/2.6/commons-io-2.6.jar:/Users/sam/.m2/repository/org/seleniumhq/selenium/selenium-server/3.141.59/selenium-server-3.141.59.jar:/Users/sam/.m2/repository/org/seleniumhq/selenium/selenium-firefox-driver/3.141.59/selenium-firefox-driver-3.141.59.jar:/Users/sam/.m2/repository/org/seleniumhq/selenium/selenium-ie-driver/3.141.59/selenium-ie-driver-3.141.59.jar:/Users/sam/.m2/repository/com/beust/jcommander/1.72/jcommander-1.72.jar:/Users/sam/.m2/repository/org/apache/commons/commons-exec/1.3/commons-exec-1.3.jar:/Users/sam/.m2/repository/net/jcip/jcip-annotations/1.0/jcip-annotations-1.0.jar:/Users/sam/.m2/repository/org/seleniumhq/selenium/jetty-repacked/9.4.12.v20180830/jetty-repacked-9.4.12.v20180830.jar:/Users/sam/.m2/repository/com/squareup/okhttp3/okhttp/3.11.0/okhttp-3.11.0.jar:/Users/sam/.m2/repository/com/squareup/okio/okio/1.14.0/okio-1.14.0.jar:/Users/sam/.m2/repository/javax/servlet/javax.servlet-api/3.1.0/javax.servlet-api-3.1.0.jar:/Users/sam/.m2/repository/org/yaml/snakeyaml/1.19/snakeyaml-1.19.jar:/Users/sam/.m2/repository/org/seleniumhq/selenium/selenium-java/3.141.59/selenium-java-3.141.59.jar:/Users/sam/.m2/repository/org/seleniumhq/selenium/selenium-api/3.141.59/selenium-api-3.141.59.jar:/Users/sam/.m2/repository/org/seleniumhq/selenium/selenium-chrome-driver/3.141.59/selenium-chrome-driver-3.141.59.jar:/Users/sam/.m2/repository/org/seleniumhq/selenium/selenium-edge-driver/3.141.59/selenium-edge-driver-3.141.59.jar:/Users/sam/.m2/repository/org/seleniumhq/selenium/selenium-remote-driver/3.141.59/selenium-remote-driver-3.141.59.jar:/Users/sam/.m2/repository/org/seleniumhq/selenium/selenium-safari-driver/3.141.59/selenium-safari-driver-3.141.59.jar:/Users/sam/.m2/repository/org/seleniumhq/selenium/selenium-opera-driver/3.141.59/selenium-opera-driver-3.141.59.jar:/Users/sam/.m2/repository/org/seleniumhq/selenium/selenium-support/3.141.59/selenium-support-3.141.59.jar:/Users/sam/.m2/repository/com/paulhammant/ngwebdriver/1.1.5/ngwebdriver-1.1.5.jar:/Users/sam/.m2/repository/com/assertthat/selenium-shutterbug/0.9.3/selenium-shutterbug-0.9.3.jar:/Users/sam/.m2/repository/org/projectlombok/lombok/1.18.8/lombok-1.18.8.jar:/Users/sam/.m2/repository/com/github/zafarkhaja/java-semver/0.9.0/java-semver-0.9.0.jar:/Users/sam/.m2/repository/com/codeborne/phantomjsdriver/1.4.4/phantomjsdriver-1.4.4.jar:/Users/sam/.m2/repository/org/seleniumhq/selenium/htmlunit-driver/2.37.0/htmlunit-driver-2.37.0.jar:/Users/sam/.m2/repository/io/appium/java-client/7.3.0/java-client-7.3.0.jar:/Users/sam/.m2/repository/commons-validator/commons-validator/1.6/commons-validator-1.6.jar:/Users/sam/.m2/repository/commons-beanutils/commons-beanutils/1.9.2/commons-beanutils-1.9.2.jar:/Users/sam/.m2/repository/commons-digester/commons-digester/1.8.1/commons-digester-1.8.1.jar:/Users/sam/.m2/repository/org/aspectj/aspectjweaver/1.9.4/aspectjweaver-1.9.4.jar:/Users/sam/.m2/repository/org/springframework/spring-context-support/5.1.2.RELEASE/spring-context-support-5.1.2.RELEASE.jar:/Users/sam/.m2/repository/org/springframework/spring-beans/5.1.2.RELEASE/spring-beans-5.1.2.RELEASE.jar:/Users/sam/.m2/repository/org/springframework/spring-context/5.1.2.RELEASE/spring-context-5.1.2.RELEASE.jar:/Users/sam/.m2/repository/org/springframework/spring-aop/5.1.2.RELEASE/spring-aop-5.1.2.RELEASE.jar:/Users/sam/.m2/repository/org/springframework/spring-expression/5.1.2.RELEASE/spring-expression-5.1.2.RELEASE.jar:/Users/sam/.m2/repository/org/springframework/spring-core/5.1.2.RELEASE/spring-core-5.1.2.RELEASE.jar:/Users/sam/.m2/repository/org/springframework/spring-jcl/5.1.2.RELEASE/spring-jcl-5.1.2.RELEASE.jar:/Users/sam/.m2/repository/org/codehaus/groovy/groovy/2.5.5/groovy-2.5.5.jar:/Users/sam/.m2/repository/net/sf/opencsv/opencsv/2.0/opencsv-2.0.jar:/Users/sam/.m2/repository/commons-beanutils/commons-beanutils-core/1.8.3/commons-beanutils-core-1.8.3.jar:/Users/sam/.m2/repository/joda-time/joda-time/2.7/joda-time-2.7.jar:/Users/sam/.m2/repository/com/thoughtworks/xstream/xstream/1.4.9/xstream-1.4.9.jar:/Users/sam/.m2/repository/xmlpull/xmlpull/1.1.3.1/xmlpull-1.1.3.1.jar:/Users/sam/.m2/repository/xpp3/xpp3_min/1.1.4c/xpp3_min-1.1.4c.jar:/Users/sam/.m2/repository/org/apache/commons/commons-lang3/3.8.1/commons-lang3-3.8.1.jar:/Users/sam/.m2/repository/commons-collections/commons-collections/3.2.2/commons-collections-3.2.2.jar:/Users/sam/.m2/repository/org/freemarker/freemarker/2.3.29/freemarker-2.3.29.jar:/Users/sam/.m2/repository/net/sourceforge/jexcelapi/jxl/2.6.12/jxl-2.6.12.jar:/Users/sam/.m2/repository/org/hamcrest/hamcrest-core/1.3/hamcrest-core-1.3.jar:/Users/sam/.m2/repository/org/hamcrest/hamcrest-library/1.3/hamcrest-library-1.3.jar:/Users/sam/.m2/repository/net/sourceforge/htmlunit/htmlunit/2.37.0/htmlunit-2.37.0.jar:/Users/sam/.m2/repository/net/sourceforge/htmlunit/htmlunit-core-js/2.37.0/htmlunit-core-js-2.37.0.jar:/Users/sam/.m2/repository/net/sourceforge/htmlunit/neko-htmlunit/2.37.0/neko-htmlunit-2.37.0.jar:/Users/sam/.m2/repository/xerces/xercesImpl/2.12.0/xercesImpl-2.12.0.jar:/Users/sam/.m2/repository/net/sourceforge/htmlunit/htmlunit-cssparser/1.5.0/htmlunit-cssparser-1.5.0.jar:/Users/sam/.m2/repository/org/brotli/dec/0.1.2/dec-0.1.2.jar:/Users/sam/.m2/repository/org/eclipse/jetty/websocket/websocket-client/9.4.26.v20200117/websocket-client-9.4.26.v20200117.jar:/Users/sam/.m2/repository/org/eclipse/jetty/jetty-client/9.4.26.v20200117/jetty-client-9.4.26.v20200117.jar:/Users/sam/.m2/repository/org/eclipse/jetty/jetty-http/9.4.26.v20200117/jetty-http-9.4.26.v20200117.jar:/Users/sam/.m2/repository/org/eclipse/jetty/jetty-xml/9.4.26.v20200117/jetty-xml-9.4.26.v20200117.jar:/Users/sam/.m2/repository/org/eclipse/jetty/jetty-util/9.4.26.v20200117/jetty-util-9.4.26.v20200117.jar:/Users/sam/.m2/repository/org/eclipse/jetty/jetty-io/9.4.26.v20200117/jetty-io-9.4.26.v20200117.jar:/Users/sam/.m2/repository/org/eclipse/jetty/websocket/websocket-common/9.4.26.v20200117/websocket-common-9.4.26.v20200117.jar:/Users/sam/.m2/repository/org/eclipse/jetty/websocket/websocket-api/9.4.26.v20200117/websocket-api-9.4.26.v20200117.jar:/Users/sam/.m2/repository/org/apache/httpcomponents/httpclient/4.5.5/httpclient-4.5.5.jar:/Users/sam/.m2/repository/org/apache/httpcomponents/httpcore/4.4.9/httpcore-4.4.9.jar:/Users/sam/.m2/repository/org/apache/httpcomponents/httpmime/4.5.5/httpmime-4.5.5.jar:/Users/sam/.m2/repository/org/fluentlenium/fluentlenium-core/0.10.2/fluentlenium-core-0.10.2.jar:/Users/sam/.m2/repository/com/jhlabs/filters/2.0.235/filters-2.0.235.jar:/Users/sam/.m2/repository/org/asciidoctor/asciidoctorj/1.5.6/asciidoctorj-1.5.6.jar:/Users/sam/.m2/repository/org/jruby/jruby-complete/1.7.26/jruby-complete-1.7.26.jar:/Users/sam/.m2/repository/org/imgscalr/imgscalr-lib/4.2/imgscalr-lib-4.2.jar:/Users/sam/.m2/repository/javax/el/javax.el-api/2.2.4/javax.el-api-2.2.4.jar:/Users/sam/.m2/repository/org/glassfish/web/javax.el/2.2.4/javax.el-2.2.4.jar:/Users/sam/.m2/repository/xalan/xalan/2.7.2/xalan-2.7.2.jar:/Users/sam/.m2/repository/xalan/serializer/2.7.2/serializer-2.7.2.jar:/Users/sam/.m2/repository/org/awaitility/awaitility/4.0.1/awaitility-4.0.1.jar:/Users/sam/.m2/repository/org/hamcrest/hamcrest/2.1/hamcrest-2.1.jar:/Users/sam/.m2/repository/com/typesafe/config/1.3.1/config-1.3.1.jar:/Users/sam/.m2/repository/org/jsoup/jsoup/1.10.3/jsoup-1.10.3.jar:/Users/sam/.m2/repository/com/google/jimfs/jimfs/1.1/jimfs-1.1.jar:/Users/sam/.m2/repository/com/vladsch/flexmark/flexmark-all/0.34.30/flexmark-all-0.34.30.jar:/Users/sam/.m2/repository/com/vladsch/flexmark/flexmark/0.34.30/flexmark-0.34.30.jar:/Users/sam/.m2/repository/com/vladsch/flexmark/flexmark-ext-abbreviation/0.34.30/flexmark-ext-abbreviation-0.34.30.jar:/Users/sam/.m2/repository/com/vladsch/flexmark/flexmark-ext-admonition/0.34.30/flexmark-ext-admonition-0.34.30.jar:/Users/sam/.m2/repository/com/vladsch/flexmark/flexmark-ext-anchorlink/0.34.30/flexmark-ext-anchorlink-0.34.30.jar:/Users/sam/.m2/repository/com/vladsch/flexmark/flexmark-ext-aside/0.34.30/flexmark-ext-aside-0.34.30.jar:/Users/sam/.m2/repository/com/vladsch/flexmark/flexmark-ext-attributes/0.34.30/flexmark-ext-attributes-0.34.30.jar:/Users/sam/.m2/repository/com/vladsch/flexmark/flexmark-ext-autolink/0.34.30/flexmark-ext-autolink-0.34.30.jar:/Users/sam/.m2/repository/org/nibor/autolink/autolink/0.6.0/autolink-0.6.0.jar:/Users/sam/.m2/repository/com/vladsch/flexmark/flexmark-ext-definition/0.34.30/flexmark-ext-definition-0.34.30.jar:/Users/sam/.m2/repository/com/vladsch/flexmark/flexmark-ext-emoji/0.34.30/flexmark-ext-emoji-0.34.30.jar:/Users/sam/.m2/repository/com/vladsch/flexmark/flexmark-ext-enumerated-reference/0.34.30/flexmark-ext-enumerated-reference-0.34.30.jar:/Users/sam/.m2/repository/com/vladsch/flexmark/flexmark-ext-escaped-character/0.34.30/flexmark-ext-escaped-character-0.34.30.jar:/Users/sam/.m2/repository/com/vladsch/flexmark/flexmark-ext-footnotes/0.34.30/flexmark-ext-footnotes-0.34.30.jar:/Users/sam/.m2/repository/com/vladsch/flexmark/flexmark-ext-gfm-issues/0.34.30/flexmark-ext-gfm-issues-0.34.30.jar:/Users/sam/.m2/repository/com/vladsch/flexmark/flexmark-ext-gfm-strikethrough/0.34.30/flexmark-ext-gfm-strikethrough-0.34.30.jar:/Users/sam/.m2/repository/com/vladsch/flexmark/flexmark-ext-gfm-tables/0.34.30/flexmark-ext-gfm-tables-0.34.30.jar:/Users/sam/.m2/repository/com/vladsch/flexmark/flexmark-ext-gfm-tasklist/0.34.30/flexmark-ext-gfm-tasklist-0.34.30.jar:/Users/sam/.m2/repository/com/vladsch/flexmark/flexmark-ext-gfm-users/0.34.30/flexmark-ext-gfm-users-0.34.30.jar:/Users/sam/.m2/repository/com/vladsch/flexmark/flexmark-ext-gitlab/0.34.30/flexmark-ext-gitlab-0.34.30.jar:/Users/sam/.m2/repository/com/vladsch/flexmark/flexmark-ext-jekyll-front-matter/0.34.30/flexmark-ext-jekyll-front-matter-0.34.30.jar:/Users/sam/.m2/repository/com/vladsch/flexmark/flexmark-ext-jekyll-tag/0.34.30/flexmark-ext-jekyll-tag-0.34.30.jar:/Users/sam/.m2/repository/com/vladsch/flexmark/flexmark-ext-media-tags/0.34.30/flexmark-ext-media-tags-0.34.30.jar:/Users/sam/.m2/repository/com/vladsch/flexmark/flexmark-test-util/0.34.30/flexmark-test-util-0.34.30.jar:/Users/sam/.m2/repository/com/vladsch/flexmark/flexmark-ext-ins/0.34.30/flexmark-ext-ins-0.34.30.jar:/Users/sam/.m2/repository/com/vladsch/flexmark/flexmark-ext-xwiki-macros/0.34.30/flexmark-ext-xwiki-macros-0.34.30.jar:/Users/sam/.m2/repository/com/vladsch/flexmark/flexmark-ext-superscript/0.34.30/flexmark-ext-superscript-0.34.30.jar:/Users/sam/.m2/repository/com/vladsch/flexmark/flexmark-ext-tables/0.34.30/flexmark-ext-tables-0.34.30.jar:/Users/sam/.m2/repository/com/vladsch/flexmark/flexmark-ext-toc/0.34.30/flexmark-ext-toc-0.34.30.jar:/Users/sam/.m2/repository/com/vladsch/flexmark/flexmark-ext-typographic/0.34.30/flexmark-ext-typographic-0.34.30.jar:/Users/sam/.m2/repository/com/vladsch/flexmark/flexmark-ext-wikilink/0.34.30/flexmark-ext-wikilink-0.34.30.jar:/Users/sam/.m2/repository/com/vladsch/flexmark/flexmark-ext-yaml-front-matter/0.34.30/flexmark-ext-yaml-front-matter-0.34.30.jar:/Users/sam/.m2/repository/com/vladsch/flexmark/flexmark-ext-youtube-embedded/0.34.30/flexmark-ext-youtube-embedded-0.34.30.jar:/Users/sam/.m2/repository/com/vladsch/flexmark/flexmark-formatter/0.34.30/flexmark-formatter-0.34.30.jar:/Users/sam/.m2/repository/com/vladsch/flexmark/flexmark-html-parser/0.34.30/flexmark-html-parser-0.34.30.jar:/Users/sam/.m2/repository/com/vladsch/flexmark/flexmark-jira-converter/0.34.30/flexmark-jira-converter-0.34.30.jar:/Users/sam/.m2/repository/com/vladsch/flexmark/flexmark-pdf-converter/0.34.30/flexmark-pdf-converter-0.34.30.jar:/Users/sam/.m2/repository/com/openhtmltopdf/openhtmltopdf-core/0.0.1-RC13/openhtmltopdf-core-0.0.1-RC13.jar:/Users/sam/.m2/repository/com/openhtmltopdf/openhtmltopdf-pdfbox/0.0.1-RC13/openhtmltopdf-pdfbox-0.0.1-RC13.jar:/Users/sam/.m2/repository/org/apache/pdfbox/pdfbox/2.0.8/pdfbox-2.0.8.jar:/Users/sam/.m2/repository/org/apache/pdfbox/fontbox/2.0.8/fontbox-2.0.8.jar:/Users/sam/.m2/repository/org/apache/pdfbox/xmpbox/2.0.8/xmpbox-2.0.8.jar:/Users/sam/.m2/repository/de/rototor/pdfbox/graphics2d/0.12/graphics2d-0.12.jar:/Users/sam/.m2/repository/com/openhtmltopdf/openhtmltopdf-rtl-support/0.0.1-RC13/openhtmltopdf-rtl-support-0.0.1-RC13.jar:/Users/sam/.m2/repository/com/ibm/icu/icu4j/59.1/icu4j-59.1.jar:/Users/sam/.m2/repository/com/openhtmltopdf/openhtmltopdf-jsoup-dom-converter/0.0.1-RC13/openhtmltopdf-jsoup-dom-converter-0.0.1-RC13.jar:/Users/sam/.m2/repository/com/vladsch/flexmark/flexmark-profile-pegdown/0.34.30/flexmark-profile-pegdown-0.34.30.jar:/Users/sam/.m2/repository/com/vladsch/flexmark/flexmark-util/0.34.30/flexmark-util-0.34.30.jar:/Users/sam/.m2/repository/com/vladsch/flexmark/flexmark-youtrack-converter/0.34.30/flexmark-youtrack-converter-0.34.30.jar:/Users/sam/.m2/repository/net/serenity-bdd/serenity-junit/2.2.12/serenity-junit-2.2.12.jar:/Users/sam/.m2/repository/net/serenity-bdd/serenity-screenplay/2.2.12/serenity-screenplay-2.2.12.jar:/Users/sam/.m2/repository/net/serenity-bdd/serenity-screenplay-webdriver/2.2.12/serenity-screenplay-webdriver-2.2.12.jar:/Users/sam/.m2/repository/net/serenity-bdd/serenity-ensure/2.2.12/serenity-ensure-2.2.12.jar:/Users/sam/.m2/repository/org/jetbrains/kotlin/kotlin-stdlib/1.3.31/kotlin-stdlib-1.3.31.jar:/Users/sam/.m2/repository/org/jetbrains/kotlin/kotlin-stdlib-common/1.3.31/kotlin-stdlib-common-1.3.31.jar:/Users/sam/.m2/repository/org/jetbrains/annotations/13.0/annotations-13.0.jar:/Users/sam/.m2/repository/net/serenity-bdd/serenity-cucumber5/2.2.5/serenity-cucumber5-2.2.5.jar:/Users/sam/.m2/repository/io/cucumber/cucumber-junit/5.6.0/cucumber-junit-5.6.0.jar:/Users/sam/.m2/repository/org/apiguardian/apiguardian-api/1.1.0/apiguardian-api-1.1.0.jar:/Users/sam/.m2/repository/io/cucumber/datatable-matchers/3.3.0/datatable-matchers-3.3.0.jar:/Users/sam/.m2/repository/org/apache/commons/commons-csv/1.5/commons-csv-1.5.jar:/Users/sam/.m2/repository/junit/junit/4.12/junit-4.12.jar:/Users/sam/.m2/repository/org/assertj/assertj-core/3.6.2/assertj-core-3.6.2.jar:/Users/sam/.m2/repository/org/hamcrest/hamcrest-all/1.3/hamcrest-all-1.3.jar:"/>
    <property name="sun.cpu.endian" value="little"/>
    <property name="user.home" value="/Users/sam"/>
    <property name="user.language" value="en"/>
    <property name="java.specification.vendor" value="Oracle Corporation"/>
    <property name="jdk.module.path" value="/Users/sam/IdeaProjects/QAChallengeCommercialJava/target/QAChallengeCommercialJava-1.0-SNAPSHOT.jar"/>
    <property name="java.version.date" value="2020-01-14"/>
    <property name="java.home" value="/Library/Java/JavaVirtualMachines/jdk-11.0.6.jdk/Contents/Home"/>
    <property name="file.separator" value="/"/>
    <property name="basedir" value="/Users/sam/IdeaProjects/QAChallengeCommercialJava"/>
    <property name="java.vm.compressedOopsMode" value="Zero based"/>
    <property name="line.separator" value="&#10;"/>
    <property name="java.specification.name" value="Java Platform API Specification"/>
    <property name="java.vm.specification.vendor" value="Oracle Corporation"/>
    <property name="java.awt.graphicsenv" value="sun.awt.CGraphicsEnvironment"/>
    <property name="idea.version2020.1.1" value="true"/>
    <property name="surefire.real.class.path" value="/Users/sam/.m2/repository/org/apache/maven/surefire/surefire-booter/3.0.0-M5/surefire-booter-3.0.0-M5.jar:/Users/sam/.m2/repository/org/apache/maven/surefire/surefire-api/3.0.0-M5/surefire-api-3.0.0-M5.jar:/Users/sam/.m2/repository/org/apache/maven/surefire/surefire-logger-api/3.0.0-M5/surefire-logger-api-3.0.0-M5.jar:/Users/sam/.m2/repository/org/apache/maven/surefire/surefire-shared-utils/3.0.0-M4/surefire-shared-utils-3.0.0-M4.jar:/Users/sam/.m2/repository/org/apache/maven/surefire/surefire-extensions-spi/3.0.0-M5/surefire-extensions-spi-3.0.0-M5.jar:/Users/sam/IdeaProjects/QAChallengeCommercialJava/target/test-classes:/Users/sam/.m2/repository/ch/qos/logback/logback-classic/1.0.13/logback-classic-1.0.13.jar:/Users/sam/.m2/repository/ch/qos/logback/logback-core/1.0.13/logback-core-1.0.13.jar:/Users/sam/.m2/repository/org/slf4j/slf4j-api/1.7.5/slf4j-api-1.7.5.jar:/Users/sam/.m2/repository/net/serenity-bdd/serenity-core/2.2.12/serenity-core-2.2.12.jar:/Users/sam/.m2/repository/net/bytebuddy/byte-buddy/1.10.1/byte-buddy-1.10.1.jar:/Users/sam/.m2/repository/net/bytebuddy/byte-buddy-agent/1.10.1/byte-buddy-agent-1.10.1.jar:/Users/sam/.m2/repository/com/google/guava/guava/25.0-jre/guava-25.0-jre.jar:/Users/sam/.m2/repository/com/google/code/findbugs/jsr305/1.3.9/jsr305-1.3.9.jar:/Users/sam/.m2/repository/org/checkerframework/checker-compat-qual/2.0.0/checker-compat-qual-2.0.0.jar:/Users/sam/.m2/repository/com/google/errorprone/error_prone_annotations/2.1.3/error_prone_annotations-2.1.3.jar:/Users/sam/.m2/repository/com/google/j2objc/j2objc-annotations/1.1/j2objc-annotations-1.1.jar:/Users/sam/.m2/repository/org/codehaus/mojo/animal-sniffer-annotations/1.14/animal-sniffer-annotations-1.14.jar:/Users/sam/.m2/repository/com/google/inject/guice/4.2.2/guice-4.2.2.jar:/Users/sam/.m2/repository/javax/inject/javax.inject/1/javax.inject-1.jar:/Users/sam/.m2/repository/aopalliance/aopalliance/1.0/aopalliance-1.0.jar:/Users/sam/.m2/repository/org/ow2/asm/asm/7.2/asm-7.2.jar:/Users/sam/.m2/repository/commons-codec/commons-codec/1.10/commons-codec-1.10.jar:/Users/sam/.m2/repository/org/objenesis/objenesis/3.0.1/objenesis-3.0.1.jar:/Users/sam/.m2/repository/xml-apis/xml-apis/1.4.01/xml-apis-1.4.01.jar:/Users/sam/.m2/repository/io/cucumber/cucumber-core/5.5.0/cucumber-core-5.5.0.jar:/Users/sam/.m2/repository/io/cucumber/cucumber-gherkin/5.5.0/cucumber-gherkin-5.5.0.jar:/Users/sam/.m2/repository/io/cucumber/cucumber-gherkin-vintage/5.5.0/cucumber-gherkin-vintage-5.5.0.jar:/Users/sam/.m2/repository/io/cucumber/tag-expressions/2.0.4/tag-expressions-2.0.4.jar:/Users/sam/.m2/repository/io/cucumber/cucumber-expressions/8.3.1/cucumber-expressions-8.3.1.jar:/Users/sam/.m2/repository/io/cucumber/datatable/3.3.0/datatable-3.3.0.jar:/Users/sam/.m2/repository/io/cucumber/cucumber-plugin/5.5.0/cucumber-plugin-5.5.0.jar:/Users/sam/.m2/repository/io/cucumber/docstring/5.5.0/docstring-5.5.0.jar:/Users/sam/.m2/repository/io/cucumber/cucumber-java/5.5.0/cucumber-java-5.5.0.jar:/Users/sam/.m2/repository/commons-logging/commons-logging/1.2/commons-logging-1.2.jar:/Users/sam/.m2/repository/io/vavr/vavr/0.9.0/vavr-0.9.0.jar:/Users/sam/.m2/repository/io/vavr/vavr-match/0.9.0/vavr-match-0.9.0.jar:/Users/sam/.m2/repository/javax/xml/bind/jaxb-api/2.2.12/jaxb-api-2.2.12.jar:/Users/sam/.m2/repository/com/sun/xml/bind/jaxb-core/2.3.0.1/jaxb-core-2.3.0.1.jar:/Users/sam/.m2/repository/com/sun/xml/bind/jaxb-impl/2.3.0.1/jaxb-impl-2.3.0.1.jar:/Users/sam/.m2/repository/javax/activation/activation/1.1.1/activation-1.1.1.jar:/Users/sam/.m2/repository/org/mockito/mockito-core/3.1.0/mockito-core-3.1.0.jar:/Users/sam/.m2/repository/net/serenity-bdd/serenity-report-resources/2.2.12/serenity-report-resources-2.2.12.jar:/Users/sam/.m2/repository/net/serenity-bdd/serenity-model/2.2.12/serenity-model-2.2.12.jar:/Users/sam/.m2/repository/commons-net/commons-net/3.6/commons-net-3.6.jar:/Users/sam/.m2/repository/org/apache/commons/commons-text/1.6/commons-text-1.6.jar:/Users/sam/.m2/repository/org/reflections/reflections/0.9.11/reflections-0.9.11.jar:/Users/sam/.m2/repository/org/javassist/javassist/3.21.0-GA/javassist-3.21.0-GA.jar:/Users/sam/.m2/repository/es/nitaur/markdown/txtmark/0.16/txtmark-0.16.jar:/Users/sam/.m2/repository/net/serenity-bdd/serenity-reports/2.2.12/serenity-reports-2.2.12.jar:/Users/sam/.m2/repository/net/serenity-bdd/serenity-stats/2.2.12/serenity-stats-2.2.12.jar:/Users/sam/.m2/repository/com/google/code/gson/gson/2.8.6/gson-2.8.6.jar:/Users/sam/.m2/repository/commons-io/commons-io/2.6/commons-io-2.6.jar:/Users/sam/.m2/repository/org/seleniumhq/selenium/selenium-server/3.141.59/selenium-server-3.141.59.jar:/Users/sam/.m2/repository/org/seleniumhq/selenium/selenium-firefox-driver/3.141.59/selenium-firefox-driver-3.141.59.jar:/Users/sam/.m2/repository/org/seleniumhq/selenium/selenium-ie-driver/3.141.59/selenium-ie-driver-3.141.59.jar:/Users/sam/.m2/repository/com/beust/jcommander/1.72/jcommander-1.72.jar:/Users/sam/.m2/repository/org/apache/commons/commons-exec/1.3/commons-exec-1.3.jar:/Users/sam/.m2/repository/net/jcip/jcip-annotations/1.0/jcip-annotations-1.0.jar:/Users/sam/.m2/repository/org/seleniumhq/selenium/jetty-repacked/9.4.12.v20180830/jetty-repacked-9.4.12.v20180830.jar:/Users/sam/.m2/repository/com/squareup/okhttp3/okhttp/3.11.0/okhttp-3.11.0.jar:/Users/sam/.m2/repository/com/squareup/okio/okio/1.14.0/okio-1.14.0.jar:/Users/sam/.m2/repository/javax/servlet/javax.servlet-api/3.1.0/javax.servlet-api-3.1.0.jar:/Users/sam/.m2/repository/org/yaml/snakeyaml/1.19/snakeyaml-1.19.jar:/Users/sam/.m2/repository/org/seleniumhq/selenium/selenium-java/3.141.59/selenium-java-3.141.59.jar:/Users/sam/.m2/repository/org/seleniumhq/selenium/selenium-api/3.141.59/selenium-api-3.141.59.jar:/Users/sam/.m2/repository/org/seleniumhq/selenium/selenium-chrome-driver/3.141.59/selenium-chrome-driver-3.141.59.jar:/Users/sam/.m2/repository/org/seleniumhq/selenium/selenium-edge-driver/3.141.59/selenium-edge-driver-3.141.59.jar:/Users/sam/.m2/repository/org/seleniumhq/selenium/selenium-remote-driver/3.141.59/selenium-remote-driver-3.141.59.jar:/Users/sam/.m2/repository/org/seleniumhq/selenium/selenium-safari-driver/3.141.59/selenium-safari-driver-3.141.59.jar:/Users/sam/.m2/repository/org/seleniumhq/selenium/selenium-opera-driver/3.141.59/selenium-opera-driver-3.141.59.jar:/Users/sam/.m2/repository/org/seleniumhq/selenium/selenium-support/3.141.59/selenium-support-3.141.59.jar:/Users/sam/.m2/repository/com/paulhammant/ngwebdriver/1.1.5/ngwebdriver-1.1.5.jar:/Users/sam/.m2/repository/com/assertthat/selenium-shutterbug/0.9.3/selenium-shutterbug-0.9.3.jar:/Users/sam/.m2/repository/org/projectlombok/lombok/1.18.8/lombok-1.18.8.jar:/Users/sam/.m2/repository/com/github/zafarkhaja/java-semver/0.9.0/java-semver-0.9.0.jar:/Users/sam/.m2/repository/com/codeborne/phantomjsdriver/1.4.4/phantomjsdriver-1.4.4.jar:/Users/sam/.m2/repository/org/seleniumhq/selenium/htmlunit-driver/2.37.0/htmlunit-driver-2.37.0.jar:/Users/sam/.m2/repository/io/appium/java-client/7.3.0/java-client-7.3.0.jar:/Users/sam/.m2/repository/commons-validator/commons-validator/1.6/commons-validator-1.6.jar:/Users/sam/.m2/repository/commons-beanutils/commons-beanutils/1.9.2/commons-beanutils-1.9.2.jar:/Users/sam/.m2/repository/commons-digester/commons-digester/1.8.1/commons-digester-1.8.1.jar:/Users/sam/.m2/repository/org/aspectj/aspectjweaver/1.9.4/aspectjweaver-1.9.4.jar:/Users/sam/.m2/repository/org/springframework/spring-context-support/5.1.2.RELEASE/spring-context-support-5.1.2.RELEASE.jar:/Users/sam/.m2/repository/org/springframework/spring-beans/5.1.2.RELEASE/spring-beans-5.1.2.RELEASE.jar:/Users/sam/.m2/repository/org/springframework/spring-context/5.1.2.RELEASE/spring-context-5.1.2.RELEASE.jar:/Users/sam/.m2/repository/org/springframework/spring-aop/5.1.2.RELEASE/spring-aop-5.1.2.RELEASE.jar:/Users/sam/.m2/repository/org/springframework/spring-expression/5.1.2.RELEASE/spring-expression-5.1.2.RELEASE.jar:/Users/sam/.m2/repository/org/springframework/spring-core/5.1.2.RELEASE/spring-core-5.1.2.RELEASE.jar:/Users/sam/.m2/repository/org/springframework/spring-jcl/5.1.2.RELEASE/spring-jcl-5.1.2.RELEASE.jar:/Users/sam/.m2/repository/org/codehaus/groovy/groovy/2.5.5/groovy-2.5.5.jar:/Users/sam/.m2/repository/net/sf/opencsv/opencsv/2.0/opencsv-2.0.jar:/Users/sam/.m2/repository/commons-beanutils/commons-beanutils-core/1.8.3/commons-beanutils-core-1.8.3.jar:/Users/sam/.m2/repository/joda-time/joda-time/2.7/joda-time-2.7.jar:/Users/sam/.m2/repository/com/thoughtworks/xstream/xstream/1.4.9/xstream-1.4.9.jar:/Users/sam/.m2/repository/xmlpull/xmlpull/1.1.3.1/xmlpull-1.1.3.1.jar:/Users/sam/.m2/repository/xpp3/xpp3_min/1.1.4c/xpp3_min-1.1.4c.jar:/Users/sam/.m2/repository/org/apache/commons/commons-lang3/3.8.1/commons-lang3-3.8.1.jar:/Users/sam/.m2/repository/commons-collections/commons-collections/3.2.2/commons-collections-3.2.2.jar:/Users/sam/.m2/repository/org/freemarker/freemarker/2.3.29/freemarker-2.3.29.jar:/Users/sam/.m2/repository/net/sourceforge/jexcelapi/jxl/2.6.12/jxl-2.6.12.jar:/Users/sam/.m2/repository/org/hamcrest/hamcrest-core/1.3/hamcrest-core-1.3.jar:/Users/sam/.m2/repository/org/hamcrest/hamcrest-library/1.3/hamcrest-library-1.3.jar:/Users/sam/.m2/repository/net/sourceforge/htmlunit/htmlunit/2.37.0/htmlunit-2.37.0.jar:/Users/sam/.m2/repository/net/sourceforge/htmlunit/htmlunit-core-js/2.37.0/htmlunit-core-js-2.37.0.jar:/Users/sam/.m2/repository/net/sourceforge/htmlunit/neko-htmlunit/2.37.0/neko-htmlunit-2.37.0.jar:/Users/sam/.m2/repository/xerces/xercesImpl/2.12.0/xercesImpl-2.12.0.jar:/Users/sam/.m2/repository/net/sourceforge/htmlunit/htmlunit-cssparser/1.5.0/htmlunit-cssparser-1.5.0.jar:/Users/sam/.m2/repository/org/brotli/dec/0.1.2/dec-0.1.2.jar:/Users/sam/.m2/repository/org/eclipse/jetty/websocket/websocket-client/9.4.26.v20200117/websocket-client-9.4.26.v20200117.jar:/Users/sam/.m2/repository/org/eclipse/jetty/jetty-client/9.4.26.v20200117/jetty-client-9.4.26.v20200117.jar:/Users/sam/.m2/repository/org/eclipse/jetty/jetty-http/9.4.26.v20200117/jetty-http-9.4.26.v20200117.jar:/Users/sam/.m2/repository/org/eclipse/jetty/jetty-xml/9.4.26.v20200117/jetty-xml-9.4.26.v20200117.jar:/Users/sam/.m2/repository/org/eclipse/jetty/jetty-util/9.4.26.v20200117/jetty-util-9.4.26.v20200117.jar:/Users/sam/.m2/repository/org/eclipse/jetty/jetty-io/9.4.26.v20200117/jetty-io-9.4.26.v20200117.jar:/Users/sam/.m2/repository/org/eclipse/jetty/websocket/websocket-common/9.4.26.v20200117/websocket-common-9.4.26.v20200117.jar:/Users/sam/.m2/repository/org/eclipse/jetty/websocket/websocket-api/9.4.26.v20200117/websocket-api-9.4.26.v20200117.jar:/Users/sam/.m2/repository/org/apache/httpcomponents/httpclient/4.5.5/httpclient-4.5.5.jar:/Users/sam/.m2/repository/org/apache/httpcomponents/httpcore/4.4.9/httpcore-4.4.9.jar:/Users/sam/.m2/repository/org/apache/httpcomponents/httpmime/4.5.5/httpmime-4.5.5.jar:/Users/sam/.m2/repository/org/fluentlenium/fluentlenium-core/0.10.2/fluentlenium-core-0.10.2.jar:/Users/sam/.m2/repository/com/jhlabs/filters/2.0.235/filters-2.0.235.jar:/Users/sam/.m2/repository/org/asciidoctor/asciidoctorj/1.5.6/asciidoctorj-1.5.6.jar:/Users/sam/.m2/repository/org/jruby/jruby-complete/1.7.26/jruby-complete-1.7.26.jar:/Users/sam/.m2/repository/org/imgscalr/imgscalr-lib/4.2/imgscalr-lib-4.2.jar:/Users/sam/.m2/repository/javax/el/javax.el-api/2.2.4/javax.el-api-2.2.4.jar:/Users/sam/.m2/repository/org/glassfish/web/javax.el/2.2.4/javax.el-2.2.4.jar:/Users/sam/.m2/repository/xalan/xalan/2.7.2/xalan-2.7.2.jar:/Users/sam/.m2/repository/xalan/serializer/2.7.2/serializer-2.7.2.jar:/Users/sam/.m2/repository/org/awaitility/awaitility/4.0.1/awaitility-4.0.1.jar:/Users/sam/.m2/repository/org/hamcrest/hamcrest/2.1/hamcrest-2.1.jar:/Users/sam/.m2/repository/com/typesafe/config/1.3.1/config-1.3.1.jar:/Users/sam/.m2/repository/org/jsoup/jsoup/1.10.3/jsoup-1.10.3.jar:/Users/sam/.m2/repository/com/google/jimfs/jimfs/1.1/jimfs-1.1.jar:/Users/sam/.m2/repository/com/vladsch/flexmark/flexmark-all/0.34.30/flexmark-all-0.34.30.jar:/Users/sam/.m2/repository/com/vladsch/flexmark/flexmark/0.34.30/flexmark-0.34.30.jar:/Users/sam/.m2/repository/com/vladsch/flexmark/flexmark-ext-abbreviation/0.34.30/flexmark-ext-abbreviation-0.34.30.jar:/Users/sam/.m2/repository/com/vladsch/flexmark/flexmark-ext-admonition/0.34.30/flexmark-ext-admonition-0.34.30.jar:/Users/sam/.m2/repository/com/vladsch/flexmark/flexmark-ext-anchorlink/0.34.30/flexmark-ext-anchorlink-0.34.30.jar:/Users/sam/.m2/repository/com/vladsch/flexmark/flexmark-ext-aside/0.34.30/flexmark-ext-aside-0.34.30.jar:/Users/sam/.m2/repository/com/vladsch/flexmark/flexmark-ext-attributes/0.34.30/flexmark-ext-attributes-0.34.30.jar:/Users/sam/.m2/repository/com/vladsch/flexmark/flexmark-ext-autolink/0.34.30/flexmark-ext-autolink-0.34.30.jar:/Users/sam/.m2/repository/org/nibor/autolink/autolink/0.6.0/autolink-0.6.0.jar:/Users/sam/.m2/repository/com/vladsch/flexmark/flexmark-ext-definition/0.34.30/flexmark-ext-definition-0.34.30.jar:/Users/sam/.m2/repository/com/vladsch/flexmark/flexmark-ext-emoji/0.34.30/flexmark-ext-emoji-0.34.30.jar:/Users/sam/.m2/repository/com/vladsch/flexmark/flexmark-ext-enumerated-reference/0.34.30/flexmark-ext-enumerated-reference-0.34.30.jar:/Users/sam/.m2/repository/com/vladsch/flexmark/flexmark-ext-escaped-character/0.34.30/flexmark-ext-escaped-character-0.34.30.jar:/Users/sam/.m2/repository/com/vladsch/flexmark/flexmark-ext-footnotes/0.34.30/flexmark-ext-footnotes-0.34.30.jar:/Users/sam/.m2/repository/com/vladsch/flexmark/flexmark-ext-gfm-issues/0.34.30/flexmark-ext-gfm-issues-0.34.30.jar:/Users/sam/.m2/repository/com/vladsch/flexmark/flexmark-ext-gfm-strikethrough/0.34.30/flexmark-ext-gfm-strikethrough-0.34.30.jar:/Users/sam/.m2/repository/com/vladsch/flexmark/flexmark-ext-gfm-tables/0.34.30/flexmark-ext-gfm-tables-0.34.30.jar:/Users/sam/.m2/repository/com/vladsch/flexmark/flexmark-ext-gfm-tasklist/0.34.30/flexmark-ext-gfm-tasklist-0.34.30.jar:/Users/sam/.m2/repository/com/vladsch/flexmark/flexmark-ext-gfm-users/0.34.30/flexmark-ext-gfm-users-0.34.30.jar:/Users/sam/.m2/repository/com/vladsch/flexmark/flexmark-ext-gitlab/0.34.30/flexmark-ext-gitlab-0.34.30.jar:/Users/sam/.m2/repository/com/vladsch/flexmark/flexmark-ext-jekyll-front-matter/0.34.30/flexmark-ext-jekyll-front-matter-0.34.30.jar:/Users/sam/.m2/repository/com/vladsch/flexmark/flexmark-ext-jekyll-tag/0.34.30/flexmark-ext-jekyll-tag-0.34.30.jar:/Users/sam/.m2/repository/com/vladsch/flexmark/flexmark-ext-media-tags/0.34.30/flexmark-ext-media-tags-0.34.30.jar:/Users/sam/.m2/repository/com/vladsch/flexmark/flexmark-test-util/0.34.30/flexmark-test-util-0.34.30.jar:/Users/sam/.m2/repository/com/vladsch/flexmark/flexmark-ext-ins/0.34.30/flexmark-ext-ins-0.34.30.jar:/Users/sam/.m2/repository/com/vladsch/flexmark/flexmark-ext-xwiki-macros/0.34.30/flexmark-ext-xwiki-macros-0.34.30.jar:/Users/sam/.m2/repository/com/vladsch/flexmark/flexmark-ext-superscript/0.34.30/flexmark-ext-superscript-0.34.30.jar:/Users/sam/.m2/repository/com/vladsch/flexmark/flexmark-ext-tables/0.34.30/flexmark-ext-tables-0.34.30.jar:/Users/sam/.m2/repository/com/vladsch/flexmark/flexmark-ext-toc/0.34.30/flexmark-ext-toc-0.34.30.jar:/Users/sam/.m2/repository/com/vladsch/flexmark/flexmark-ext-typographic/0.34.30/flexmark-ext-typographic-0.34.30.jar:/Users/sam/.m2/repository/com/vladsch/flexmark/flexmark-ext-wikilink/0.34.30/flexmark-ext-wikilink-0.34.30.jar:/Users/sam/.m2/repository/com/vladsch/flexmark/flexmark-ext-yaml-front-matter/0.34.30/flexmark-ext-yaml-front-matter-0.34.30.jar:/Users/sam/.m2/repository/com/vladsch/flexmark/flexmark-ext-youtube-embedded/0.34.30/flexmark-ext-youtube-embedded-0.34.30.jar:/Users/sam/.m2/repository/com/vladsch/flexmark/flexmark-formatter/0.34.30/flexmark-formatter-0.34.30.jar:/Users/sam/.m2/repository/com/vladsch/flexmark/flexmark-html-parser/0.34.30/flexmark-html-parser-0.34.30.jar:/Users/sam/.m2/repository/com/vladsch/flexmark/flexmark-jira-converter/0.34.30/flexmark-jira-converter-0.34.30.jar:/Users/sam/.m2/repository/com/vladsch/flexmark/flexmark-pdf-converter/0.34.30/flexmark-pdf-converter-0.34.30.jar:/Users/sam/.m2/repository/com/openhtmltopdf/openhtmltopdf-core/0.0.1-RC13/openhtmltopdf-core-0.0.1-RC13.jar:/Users/sam/.m2/repository/com/openhtmltopdf/openhtmltopdf-pdfbox/0.0.1-RC13/openhtmltopdf-pdfbox-0.0.1-RC13.jar:/Users/sam/.m2/repository/org/apache/pdfbox/pdfbox/2.0.8/pdfbox-2.0.8.jar:/Users/sam/.m2/repository/org/apache/pdfbox/fontbox/2.0.8/fontbox-2.0.8.jar:/Users/sam/.m2/repository/org/apache/pdfbox/xmpbox/2.0.8/xmpbox-2.0.8.jar:/Users/sam/.m2/repository/de/rototor/pdfbox/graphics2d/0.12/graphics2d-0.12.jar:/Users/sam/.m2/repository/com/openhtmltopdf/openhtmltopdf-rtl-support/0.0.1-RC13/openhtmltopdf-rtl-support-0.0.1-RC13.jar:/Users/sam/.m2/repository/com/ibm/icu/icu4j/59.1/icu4j-59.1.jar:/Users/sam/.m2/repository/com/openhtmltopdf/openhtmltopdf-jsoup-dom-converter/0.0.1-RC13/openhtmltopdf-jsoup-dom-converter-0.0.1-RC13.jar:/Users/sam/.m2/repository/com/vladsch/flexmark/flexmark-profile-pegdown/0.34.30/flexmark-profile-pegdown-0.34.30.jar:/Users/sam/.m2/repository/com/vladsch/flexmark/flexmark-util/0.34.30/flexmark-util-0.34.30.jar:/Users/sam/.m2/repository/com/vladsch/flexmark/flexmark-youtrack-converter/0.34.30/flexmark-youtrack-converter-0.34.30.jar:/Users/sam/.m2/repository/net/serenity-bdd/serenity-junit/2.2.12/serenity-junit-2.2.12.jar:/Users/sam/.m2/repository/net/serenity-bdd/serenity-screenplay/2.2.12/serenity-screenplay-2.2.12.jar:/Users/sam/.m2/repository/net/serenity-bdd/serenity-screenplay-webdriver/2.2.12/serenity-screenplay-webdriver-2.2.12.jar:/Users/sam/.m2/repository/net/serenity-bdd/serenity-ensure/2.2.12/serenity-ensure-2.2.12.jar:/Users/sam/.m2/repository/org/jetbrains/kotlin/kotlin-stdlib/1.3.31/kotlin-stdlib-1.3.31.jar:/Users/sam/.m2/repository/org/jetbrains/kotlin/kotlin-stdlib-common/1.3.31/kotlin-stdlib-common-1.3.31.jar:/Users/sam/.m2/repository/org/jetbrains/annotations/13.0/annotations-13.0.jar:/Users/sam/.m2/repository/net/serenity-bdd/serenity-cucumber5/2.2.5/serenity-cucumber5-2.2.5.jar:/Users/sam/.m2/repository/io/cucumber/cucumber-junit/5.6.0/cucumber-junit-5.6.0.jar:/Users/sam/.m2/repository/org/apiguardian/apiguardian-api/1.1.0/apiguardian-api-1.1.0.jar:/Users/sam/.m2/repository/io/cucumber/datatable-matchers/3.3.0/datatable-matchers-3.3.0.jar:/Users/sam/.m2/repository/org/apache/commons/commons-csv/1.5/commons-csv-1.5.jar:/Users/sam/.m2/repository/junit/junit/4.12/junit-4.12.jar:/Users/sam/.m2/repository/org/assertj/assertj-core/3.6.2/assertj-core-3.6.2.jar:/Users/sam/.m2/repository/org/hamcrest/hamcrest-all/1.3/hamcrest-all-1.3.jar:/Users/sam/.m2/repository/org/apache/maven/surefire/surefire-junit4/3.0.0-M5/surefire-junit4-3.0.0-M5.jar:/Users/sam/.m2/repository/org/apache/maven/surefire/common-java5/3.0.0-M5/common-java5-3.0.0-M5.jar:/Users/sam/.m2/repository/org/apache/maven/surefire/common-junit3/3.0.0-M5/common-junit3-3.0.0-M5.jar:/Users/sam/.m2/repository/org/apache/maven/surefire/common-junit4/3.0.0-M5/common-junit4-3.0.0-M5.jar"/>
    <property name="sun.management.compiler" value="HotSpot 64-Bit Tiered Compilers"/>
    <property name="ftp.nonProxyHosts" value="local|*.local|169.254/16|*.169.254/16"/>
    <property name="java.runtime.version" value="11.0.6+8-LTS"/>
    <property name="user.name" value="sam"/>
    <property name="path.separator" value=":"/>
    <property name="os.version" value="10.15.4"/>
    <property name="java.runtime.name" value="Java(TM) SE Runtime Environment"/>
    <property name="file.encoding" value="UTF-8"/>
    <property name="java.vm.name" value="Java HotSpot(TM) 64-Bit Server VM"/>
    <property name="java.vendor.version" value="18.9"/>
    <property name="localRepository" value="/Users/sam/.m2/repository"/>
    <property name="java.vendor.url.bug" value="http://bugreport.java.com/bugreport/"/>
    <property name="java.io.tmpdir" value="/var/folders/mr/y5vc7h8d2879w0rl67md0g280000gp/T/"/>
    <property name="java.version" value="11.0.6"/>
    <property name="user.dir" value="/Users/sam/IdeaProjects/QAChallengeCommercialJava"/>
    <property name="os.arch" value="x86_64"/>
    <property name="java.vm.specification.name" value="Java Virtual Machine Specification"/>
    <property name="java.awt.printerjob" value="sun.lwawt.macosx.CPrinterJob"/>
    <property name="sun.os.patch.level" value="unknown"/>
    <property name="java.library.path" value="/Users/sam/Library/Java/Extensions:/Library/Java/Extensions:/Network/Library/Java/Extensions:/System/Library/Java/Extensions:/usr/lib/java:."/>
    <property name="java.vendor" value="Oracle Corporation"/>
    <property name="java.vm.info" value="mixed mode"/>
    <property name="java.vm.version" value="11.0.6+8-LTS"/>
    <property name="sun.io.unicode.encoding" value="UnicodeBig"/>
    <property name="maven.repo.local" value="/Users/sam/.m2/repository"/>
    <property name="java.class.version" value="55.0"/>
    <property name="socksNonProxyHosts" value="local|*.local|169.254/16|*.169.254/16"/>
  </properties>
  <testcase name="User is able to enter their own information and create a new account" classname="Feature to validate creating a new account" time="58.881">
    <system-out><![CDATA[21:40:46.396 [main] WARN  i.c.junit.CucumberSerenityRunner - By default Cucumber is running in --non-strict mode.
This default will change to --strict and --non-strict will be removed.
You can use --strict or @CucumberOptions(strict = true) to suppress this warning
21:40:48.185 [main] DEBUG n.t.c.u.PropertiesFileLocalPreferences - webdriver.driver=chrome
21:40:48.185 [main] DEBUG n.t.c.u.PropertiesFileLocalPreferences - drivers.windows.webdriver.chrome.driver=src/test/resources/drivers/windows/chromedriver.exe
21:40:48.185 [main] DEBUG n.t.c.u.PropertiesFileLocalPreferences - serenity.restart.browser.for.each=feature
21:40:48.186 [main] DEBUG n.t.c.u.PropertiesFileLocalPreferences - webdriver.timeouts.implicitwait=5000
21:40:48.186 [main] DEBUG n.t.c.u.PropertiesFileLocalPreferences - chrome.switches=--start-maximized;--test-type;--no-sandbox;--ignore-certificate-errors;\n                   --disable-popup-blocking;--disable-default-apps;--disable-extensions-file-access-check;\n                   --incognito;--disable-infobars;--disable-gpu;--disable-dev-shm-usage;--allow-running-insecure-content;\n                   --window-size=1503,889
21:40:48.190 [main] DEBUG n.t.c.u.PropertiesFileLocalPreferences - drivers.mac.webdriver.chrome.driver=src/test/resources/drivers/mac/chromedriver86
21:40:48.191 [main] DEBUG n.t.c.u.PropertiesFileLocalPreferences - webdriver.autodownload=false
21:40:48.192 [main] DEBUG n.t.c.u.PropertiesFileLocalPreferences - environments.default.home.page=https://test.crowdstreet.com
21:40:48.192 [main] DEBUG n.t.c.u.PropertiesFileLocalPreferences - webdriver.timeouts.fluentwait=10000
21:40:48.192 [main] DEBUG n.t.c.u.PropertiesFileLocalPreferences - serenity.take.screenshots=FOR_FAILURES
21:40:48.193 [main] DEBUG n.t.c.u.PropertiesFileLocalPreferences - accept.insecure.certificates=true
Feature from file:///Users/sam/IdeaProjects/QAChallengeCommercialJava/src/test/resources/features/registration/userRegistration.feature
21:40:49.465 [main] DEBUG n.t.c.u.PropertiesFileLocalPreferences - webdriver.driver=chrome
21:40:49.465 [main] DEBUG n.t.c.u.PropertiesFileLocalPreferences - drivers.windows.webdriver.chrome.driver=src/test/resources/drivers/windows/chromedriver.exe
21:40:49.465 [main] DEBUG n.t.c.u.PropertiesFileLocalPreferences - serenity.restart.browser.for.each=feature
21:40:49.465 [main] DEBUG n.t.c.u.PropertiesFileLocalPreferences - webdriver.timeouts.implicitwait=5000
21:40:49.466 [main] DEBUG n.t.c.u.PropertiesFileLocalPreferences - chrome.switches=--start-maximized;--test-type;--no-sandbox;--ignore-certificate-errors;\n                   --disable-popup-blocking;--disable-default-apps;--disable-extensions-file-access-check;\n                   --incognito;--disable-infobars;--disable-gpu;--disable-dev-shm-usage;--allow-running-insecure-content;\n                   --window-size=1503,889
21:40:49.466 [main] DEBUG n.t.c.u.PropertiesFileLocalPreferences - drivers.mac.webdriver.chrome.driver=src/test/resources/drivers/mac/chromedriver86
21:40:49.466 [main] DEBUG n.t.c.u.PropertiesFileLocalPreferences - webdriver.autodownload=false
21:40:49.467 [main] DEBUG n.t.c.u.PropertiesFileLocalPreferences - environments.default.home.page=https://test.crowdstreet.com
21:40:49.468 [main] DEBUG n.t.c.u.PropertiesFileLocalPreferences - webdriver.timeouts.fluentwait=10000
21:40:49.469 [main] DEBUG n.t.c.u.PropertiesFileLocalPreferences - serenity.take.screenshots=FOR_FAILURES
21:40:49.469 [main] DEBUG n.t.c.u.PropertiesFileLocalPreferences - accept.insecure.certificates=true
21:40:49.496 [main] INFO   - 

-------------------------------------------------------------------------------------
     _______. _______ .______       _______ .__   __.  __  .___________.____    ____ 
    /       ||   ____||   _  \     |   ____||  \ |  | |  | |           |\   \  /   / 
   |   (----`|  |__   |  |_)  |    |  |__   |   \|  | |  | `---|  |----` \   \/   /  
    \   \    |   __|  |      /     |   __|  |  . `  | |  |     |  |       \_    _/   
.----)   |   |  |____ |  |\  \----.|  |____ |  |\   | |  |     |  |         |  |     
|_______/    |_______|| _| `._____||_______||__| \__| |__|     |__|         |__|    
                                                                                     
 News and tutorials at http://www.serenity-bdd.info                                  
 Documentation at https://wakaleo.gitbooks.io/the-serenity-book/content/             
 Join the Serenity Community on Gitter: https://gitter.im/serenity-bdd/serenity-core 
 Serenity BDD Support and Training at http://serenity-bdd.info/#/trainingandsupport  
-------------------------------------------------------------------------------------

21:40:49.504 [main] DEBUG n.thucydides.core.steps.StepEventBus - Test suite started for story net.thucydides.core.model.Story@c1b48e4a
21:40:49.508 [main] INFO   - Test Suite Started: Feature to validate creating a new account

Scenario Outline: User is able to enter their own information and create a new account # src/test/resources/features/registration/userRegistration.feature:11
Feature from file:///Users/sam/IdeaProjects/QAChallengeCommercialJava/src/test/resources/features/registration/userRegistration.feature
21:40:50.475 [main] INFO   - 
 _____ _____ ____ _____   ____ _____  _    ____ _____ _____ ____  
|_   _| ____/ ___|_   _| / ___|_   _|/ \  |  _ \_   _| ____|  _ \ 
  | | |  _| \___ \ | |   \___ \ | | / _ \ | |_) || | |  _| | | | |
  | | | |___ ___) || |    ___) || |/ ___ \|  _ < | | | |___| |_| |
  |_| |_____|____/ |_|   |____/ |_/_/   \_\_| \_\|_| |_____|____/ 

User is able to enter their own information and create a new account(feature-to-validate-creating-a-new-account;user-is-able-to-enter-their-own-information-and-create-a-new-account)
-------------------------------------------------------------------
21:40:50.682 [main] DEBUG n.t.c.r.m.cucumber.CucumberParser - Added feature Feature to validate creating a new account
21:40:52.430 [main] INFO  n.s.c.w.d.ProvideNewDriver - Instantiating driver
21:40:52.434 [main] INFO  n.s.c.w.d.ProvideNewDriver - Driver capabilities: Capabilities {acceptInsecureCerts: true, browserName: chrome, chrome.switches: --start-maximized;--test-ty..., goog:chromeOptions: {args: [--start-maximized, --test-type, --no-sandbox, --ignore-certificate-errors;\n, --disable-popup-blocking, --disable-default-apps, --disable-extensions-file-a..., --incognito, --disable-infobars, --disable-gpu, --disable-dev-shm-usage, --allow-running-insecure-co..., --window-size=1503,889], extensions: []}, loggingPrefs: org.openqa.selenium.logging...}
  Given User is on the CrowdStreet home page                                           # acceptancetests.steps.UserRegistrationSteps.userIsOnTheCrowdStreetHomePage()
  And User is able to click on the "CREATE AN ACCOUNT" button                          # acceptancetests.steps.UserRegistrationSteps.userIsAbleToClickOnTheButton(java.lang.String)
  When User enters their personal information and complete the registration form       # acceptancetests.steps.UserRegistrationSteps.userEntersTheirPersonalInformationAndCompleteTheRegistrationForm()
  And User clicks on the "SIGN UP" button                                              # acceptancetests.steps.UserRegistrationSteps.userClicksOnTheButton(java.lang.String)
  Then User should see that popup that says "Congrats," followed by their "USER"       # acceptancetests.steps.UserRegistrationSteps.userShouldSeeThatPopupThatSaysFollowedByTheir(java.lang.String,java.lang.String)
21:41:48.345 [main] INFO   - 
        __    _____ _____ ____ _____   ____   _    ____  ____  _____ ____  
  _     \ \  |_   _| ____/ ___|_   _| |  _ \ / \  / ___|/ ___|| ____|  _ \ 
 (_)_____| |   | | |  _| \___ \ | |   | |_) / _ \ \___ \\___ \|  _| | | | |
  _|_____| |   | | | |___ ___) || |   |  __/ ___ \ ___) |___) | |___| |_| |
 (_)     | |   |_| |_____|____/ |_|   |_| /_/   \_\____/|____/|_____|____/ 
        /_/                                                                

User is able to enter their own information and create a new account
----------------------------------------------------------------------------
]]></system-out>
    <system-err><![CDATA[Starting ChromeDriver 87.0.4280.88 (89e2380a3e36c3464b5dd1302349b1382549290d-refs/branch-heads/4280@{#1761}) on port 8612
Only local connections are allowed.
Please see https://chromedriver.chromium.org/security-considerations for suggestions on keeping ChromeDriver safe.
ChromeDriver was started successfully.
[1613961660.251][WARNING]: This version of ChromeDriver has not been tested with Chrome version 88.
Feb 21, 2021 9:41:01 PM org.openqa.selenium.remote.ProtocolHandshake createSession
INFO: Detected dialect: W3C
]]></system-err>
  </testcase>
  <testcase name="Users should be able to login with their information" classname="Feature to validate creating a new account" time="33.502">
    <error message="Timed out after 2 seconds. Element not found&#10;For documentation on this error, please visit: https://www.seleniumhq.org/exceptions/no_such_element.html&#10;Build info: version: &apos;3.141.59&apos;, revision: &apos;e82be7d358&apos;, time: &apos;2018-11-14T08:17:03&apos;&#10;System info: host: &apos;Sams-MacBook-Air.local&apos;, ip: &apos;fe80:0:0:0:1053:e236:b84d:6c1c%en0&apos;, os.name: &apos;Mac OS X&apos;, os.arch: &apos;x86_64&apos;, os.version: &apos;10.15.4&apos;, java.version: &apos;11.0.6&apos;&#10;Driver info: driver.version: unknown" type="org.openqa.selenium.NoSuchElementException"><![CDATA[org.openqa.selenium.NoSuchElementException: 
Timed out after 2 seconds. Element not found
For documentation on this error, please visit: https://www.seleniumhq.org/exceptions/no_such_element.html
Build info: version: '3.141.59', revision: 'e82be7d358', time: '2018-11-14T08:17:03'
System info: host: 'Sams-MacBook-Air.local', ip: 'fe80:0:0:0:1053:e236:b84d:6c1c%en0', os.name: 'Mac OS X', os.arch: 'x86_64', os.version: '10.15.4', java.version: '11.0.6'
Driver info: driver.version: unknown
]]></error>
    <system-out><![CDATA[
Scenario: Users should be able to login with their information                                                     # src/test/resources/features/registration/userRegistration.feature:13
Feature from file:///Users/sam/IdeaProjects/QAChallengeCommercialJava/src/test/resources/features/registration/userRegistration.feature
21:41:48.507 [main] INFO   - 
 _____ _____ ____ _____   ____ _____  _    ____ _____ _____ ____  
|_   _| ____/ ___|_   _| / ___|_   _|/ \  |  _ \_   _| ____|  _ \ 
  | | |  _| \___ \ | |   \___ \ | | / _ \ | |_) || | |  _| | | | |
  | | | |___ ___) || |    ___) || |/ ___ \|  _ < | | | |___| |_| |
  |_| |_____|____/ |_|   |____/ |_/_/   \_\_| \_\|_| |_____|____/ 

Users should be able to login with their information(feature-to-validate-creating-a-new-account;users-should-be-able-to-login-with-their-information)
-------------------------------------------------------------------
  Given User is on the CrowdStreet home page                                                                       # acceptancetests.steps.UserRegistrationSteps.userIsOnTheCrowdStreetHomePage()
  And User is able to click on "SIGN IN" button                                                                    # acceptancetests.steps.UserRegistrationSteps.userIsAbleToClickOnButton(java.lang.String)
  When User enters their personal information in the sign in page                                                  # acceptancetests.steps.UserRegistrationSteps.userEntersTheirPersonalInformationInTheSignInPage()
  And User clicks on "LOG IN NOW" button                                                                           # acceptancetests.steps.UserRegistrationSteps.userClicksOnButton(java.lang.String)
  Then User should see an account section on the top right of the page that says "HI " followed by their firstName # acceptancetests.steps.UserRegistrationSteps.userShouldSeeAnAccountSectionOnTheTopRightOfThePageThatSaysFollowedByTheirFirstName(java.lang.String)
      org.openqa.selenium.NoSuchElementException: Timed out after 2 seconds. Element not found
For documentation on this error, please visit: https://www.seleniumhq.org/exceptions/no_such_element.html
Build info: version: '3.141.59', revision: 'e82be7d358', time: '2018-11-14T08:17:03'
System info: host: 'Sams-MacBook-Air.local', ip: 'fe80:0:0:0:1053:e236:b84d:6c1c%en0', os.name: 'Mac OS X', os.arch: 'x86_64', os.version: '10.15.4', java.version: '11.0.6'
Driver info: driver.version: unknown
	at net.thucydides.core.annotations.locators.SmartAjaxElementLocator.ajaxFindElement(SmartAjaxElementLocator.java:166)
	at net.thucydides.core.annotations.locators.SmartAjaxElementLocator.findElement(SmartAjaxElementLocator.java:118)
	at net.serenitybdd.core.pages.WebElementResolverByElementLocator.resolveForDriver(WebElementResolverByElementLocator.java:30)
	at net.serenitybdd.core.pages.WebElementFacadeImpl.getResolvedELement(WebElementFacadeImpl.java:234)
	at net.serenitybdd.core.pages.WebElementFacadeImpl.getElement(WebElementFacadeImpl.java:229)
	at net.serenitybdd.core.pages.WebElementFacadeImpl.getText(WebElementFacadeImpl.java:1127)
	at java.base/jdk.internal.reflect.NativeMethodAccessorImpl.invoke0(Native Method)
	at java.base/jdk.internal.reflect.NativeMethodAccessorImpl.invoke(NativeMethodAccessorImpl.java:62)
	at java.base/jdk.internal.reflect.DelegatingMethodAccessorImpl.invoke(DelegatingMethodAccessorImpl.java:43)
	at java.base/java.lang.reflect.Method.invoke(Method.java:566)
	at net.thucydides.core.annotations.locators.AbstractSingleItemHandler.invoke(AbstractSingleItemHandler.java:45)
	at com.sun.proxy.$Proxy29.getText(Unknown Source)
	at QAChallengeCommercialJava@1.0-SNAPSHOT/acceptancetests.pages.HomePage.verifyLogin(HomePage.java:66)
	at QAChallengeCommercialJava@1.0-SNAPSHOT/acceptancetests.steps.UserRegistrationSteps.userShouldSeeAnAccountSectionOnTheTopRightOfThePageThatSaysFollowedByTheirFirstName(UserRegistrationSteps.java:82)
	at ✽.User should see an account section on the top right of the page that says "HI " followed by their firstName(file:///Users/sam/IdeaProjects/QAChallengeCommercialJava/src/test/resources/features/registration/userRegistration.feature:18)

21:42:20.305 [main] DEBUG n.s.core.photography.Darkroom - Opening darkroom
21:42:20.318 [Darkroom Processing Line] DEBUG n.s.c.p.DarkroomProcessingLine - Darkroom processing line starting up
21:42:21.718 [main] DEBUG n.s.core.photography.Darkroom - Send negative for processing for target/site/serenity/b31c30f941fbf1822c41626e9841c9d05a5ca3ffe809d2f6893a251f7b389f94.png
21:42:21.720 [Darkroom Processing Line] DEBUG n.s.c.p.DarkroomProcessingLine - Processing screenshot image in /var/screenshots/screenshot-14126713457302958538
21:42:21.720 [Darkroom Processing Line] DEBUG n.s.c.p.DarkroomProcessingLine - Saving screenshot to target/site/serenity/b31c30f941fbf1822c41626e9841c9d05a5ca3ffe809d2f6893a251f7b389f94.png
]]></system-out>
  </testcase>
</testsuite>